<?xml version="1.0" encoding="UTF-8"?>
<testng-results ignored="0" total="3" passed="3" failed="0" skipped="0">
  <reporter-output>
  </reporter-output>
  <suite started-at="2025-01-20T11:29:16 IST" name="Suite" finished-at="2025-01-20T11:29:27 IST" duration-ms="10996">
    <groups>
    </groups>
    <test started-at="2025-01-20T11:29:16 IST" name="Test" finished-at="2025-01-20T11:29:27 IST" duration-ms="10996">
      <class name="test.amazon">
        <test-method signature="set()[pri:0, instance:test.amazon@636be97c]" started-at="2025-01-20T11:29:21 IST" name="set" finished-at="2025-01-20T11:29:25 IST" duration-ms="4514" status="PASS">
          <reporter-output>
          </reporter-output>
        </test-method> <!-- set -->
        <test-method signature="get()[pri:0, instance:test.amazon@636be97c]" started-at="2025-01-20T11:29:25 IST" name="get" finished-at="2025-01-20T11:29:27 IST" duration-ms="1429" status="PASS">
          <reporter-output>
          </reporter-output>
        </test-method> <!-- get -->
      </class> <!-- test.amazon -->
      <class name="test.Facebookpage">
        <test-method signature="set()[pri:0, instance:test.Facebookpage@635eaaf1]" started-at="2025-01-20T11:29:16 IST" name="set" finished-at="2025-01-20T11:29:21 IST" duration-ms="4970" status="PASS">
          <reporter-output>
          </reporter-output>
        </test-method> <!-- set -->
      </class> <!-- test.Facebookpage -->
    </test> <!-- Test -->
  </suite> <!-- Suite -->
</testng-results>
