<?xml version="1.0" encoding="UTF-8"?>
<testng-results ignored="0" total="1" passed="1" failed="0" skipped="0">
  <reporter-output>
  </reporter-output>
  <suite started-at="2025-01-19T21:24:54 IST" name="Suite" finished-at="2025-01-19T21:24:59 IST" duration-ms="5603">
    <groups>
    </groups>
    <test started-at="2025-01-19T21:24:54 IST" name="Test" finished-at="2025-01-19T21:24:59 IST" duration-ms="5603">
      <class name="test.Facebookpage">
        <test-method signature="set()[pri:0, instance:test.Facebookpage@30ee2816]" started-at="2025-01-19T21:24:54 IST" name="set" finished-at="2025-01-19T21:24:59 IST" duration-ms="5509" status="PASS">
          <reporter-output>
          </reporter-output>
        </test-method> <!-- set -->
      </class> <!-- test.Facebookpage -->
    </test> <!-- Test -->
  </suite> <!-- Suite -->
</testng-results>
