<?xml version="1.0" encoding="UTF-8"?>
<testng-results ignored="0" total="1" passed="1" failed="0" skipped="0">
  <reporter-output>
  </reporter-output>
  <suite started-at="2025-01-19T21:24:27 IST" name="Default suite" finished-at="2025-01-19T21:24:34 IST" duration-ms="6770">
    <groups>
    </groups>
    <test started-at="2025-01-19T21:24:27 IST" name="Default test" finished-at="2025-01-19T21:24:34 IST" duration-ms="6770">
      <class name="test.Facebookpage">
        <test-method signature="set()[pri:0, instance:test.Facebookpage@223191a6]" started-at="2025-01-19T21:24:27 IST" name="set" finished-at="2025-01-19T21:24:34 IST" duration-ms="6677" status="PASS">
          <reporter-output>
          </reporter-output>
        </test-method> <!-- set -->
      </class> <!-- test.Facebookpage -->
    </test> <!-- Default test -->
  </suite> <!-- Default suite -->
</testng-results>
