<?xml version="1.0" encoding="UTF-8"?>
<testng-results ignored="0" total="3" passed="3" failed="0" skipped="0">
  <reporter-output>
  </reporter-output>
  <suite started-at="2025-01-20T11:28:20 IST" name="Suite" finished-at="2025-01-20T11:28:32 IST" duration-ms="11634">
    <groups>
    </groups>
    <test started-at="2025-01-20T11:28:20 IST" name="Test" finished-at="2025-01-20T11:28:32 IST" duration-ms="11634">
      <class name="test.amazon">
        <test-method signature="set()[pri:0, instance:test.amazon@67c27493]" started-at="2025-01-20T11:28:25 IST" name="set" finished-at="2025-01-20T11:28:29 IST" duration-ms="4254" status="PASS">
          <reporter-output>
          </reporter-output>
        </test-method> <!-- set -->
        <test-method signature="get()[pri:0, instance:test.amazon@67c27493]" started-at="2025-01-20T11:28:29 IST" name="get" finished-at="2025-01-20T11:28:32 IST" duration-ms="2498" status="PASS">
          <reporter-output>
          </reporter-output>
        </test-method> <!-- get -->
      </class> <!-- test.amazon -->
      <class name="test.Facebookpage">
        <test-method signature="set()[pri:0, instance:test.Facebookpage@49139829]" started-at="2025-01-20T11:28:20 IST" name="set" finished-at="2025-01-20T11:28:25 IST" duration-ms="4761" status="PASS">
          <reporter-output>
          </reporter-output>
        </test-method> <!-- set -->
      </class> <!-- test.Facebookpage -->
    </test> <!-- Test -->
  </suite> <!-- Suite -->
</testng-results>
